<?xml version="1.0" encoding="UTF-8"?><testsuite errors="0" failures="1" name="Search flights" skipped="0" tests="1" time="47.05" timestamp="2020-07-02 11:15:43"><testcase name="search flights"><failure message="Expected enabled element was not enabled" type="net.thucydides.core.webdriver.exceptions.ElementShouldBeEnabledException">Expected enabled element was not enabled</failure><system-err>Expected enabled element was not enabled&#13;
co.com.sophos.prueba.task.SearchInformation.performAs(SearchInformation.java:18)&#13;
co.com.sophos.prueba.step_definition.OpenTarifarioStepDefinition.theUserAddAccommodation(SearchFlighOptionStepDefinition.java:37)&#13;
cucumber.runner.Runner.runPickle(Runner.java:80)&#13;
</system-err></testcase></testsuite>